{
  "stats": {
    "suites": 1,
    "tests": 4,
    "passes": 1,
    "pending": 0,
    "failures": 3,
    "start": "2022-10-27T05:21:22.224Z",
    "end": "2022-10-27T05:21:56.501Z",
    "duration": 34277,
    "testsRegistered": 4,
    "passPercent": 25,
    "pendingPercent": 0,
    "other": 0,
    "hasOther": false,
    "skipped": 0,
    "hasSkipped": false
  },
  "results": [
    {
      "uuid": "b7fc4100-537a-471c-8774-327ce5186901",
      "title": "",
      "fullFile": "cypress\\e2e\\Features\\TC_001_Login.feature",
      "file": "cypress\\e2e\\Features\\TC_001_Login.feature",
      "beforeHooks": [],
      "afterHooks": [],
      "tests": [],
      "suites": [
        {
          "uuid": "381f5a43-37c7-4fa2-9ba1-606ea2366a32",
          "title": "TC_001_Login",
          "fullFile": "",
          "file": "",
          "beforeHooks": [],
          "afterHooks": [],
          "tests": [
            {
              "title": "Login to Orange HRM Website (example #1)",
              "fullTitle": "TC_001_Login Login to Orange HRM Website (example #1)",
              "timedOut": null,
              "duration": 15451,
              "state": "passed",
              "speed": "slow",
              "pass": true,
              "fail": false,
              "pending": false,
              "context": null,
              "code": "var _a2, _b, _c, _d, _e;\nconst { remainingSteps, testCaseStartedId } = retrieveInternalSpecProperties();\n(0, registry_1.assignRegistry)(registry2);\nmessages.stack.push({\n  testCaseStarted: {\n    id: testCaseStartedId,\n    testCaseId,\n    attempt: attempt++,\n    timestamp: (0, messages_helpers_1.createTimestamp)()\n  }\n});\nwindow.testState = {\n  gherkinDocument,\n  pickles,\n  pickle\n};\nfor (const step of steps) {\n  if (step.hook) {\n    delete window.testState.pickleStep;\n    const hook = step.hook;\n    cy.then(() => {\n      Cypress.log({\n        name: \"step\",\n        displayName: hook.keyword,\n        message: \"\"\n      });\n      const start = (0, messages_helpers_1.createTimestamp)();\n      messages.stack.push({\n        testStepStarted: {\n          testStepId: hook.id,\n          testCaseStartedId,\n          timestamp: start\n        }\n      });\n      if (messages.enabled) {\n        cy.task(constants_1.TASK_TEST_STEP_STARTED, hook.id, { log: false });\n      }\n      return cy.wrap(start, { log: false });\n    }).then((start) => {\n      registry2.runHook(this, hook);\n      return cy.wrap(start, { log: false });\n    }).then((start) => {\n      const end = (0, messages_helpers_1.createTimestamp)();\n      messages.stack.push({\n        testStepFinished: {\n          testStepId: hook.id,\n          testCaseStartedId,\n          testStepResult: {\n            status: Status.Passed,\n            duration: (0, messages_helpers_1.duration)(start, end)\n          },\n          timestamp: end\n        }\n      });\n      remainingSteps.shift();\n    });\n  } else if (step.pickleStep) {\n    window.testState.pickleStep = step.pickleStep;\n    const pickleStep = step.pickleStep;\n    const text = (0, assertions_1.assertAndReturn)(pickleStep.text, \"Expected pickle step to have a text\");\n    const scenarioStep = (0, assertions_1.assertAndReturn)(astIdMap.get((0, assertions_1.assertAndReturn)((_a2 = pickleStep.astNodeIds) === null || _a2 === void 0 ? void 0 : _a2[0], \"Expected to find at least one astNodeId\")), `Expected to find scenario step associated with id = ${(_b = pickleStep.astNodeIds) === null || _b === void 0 ? void 0 : _b[0]}`);\n    cy.then(() => {\n      Cypress.log({\n        name: \"step\",\n        displayName: (0, assertions_1.assertAndReturn)(\"keyword\" in scenarioStep && scenarioStep.keyword, \"Expected to find a keyword in the scenario step\"),\n        message: text\n      });\n    });\n    const argument = ((_c = pickleStep.argument) === null || _c === void 0 ? void 0 : _c.dataTable) ? new data_table_1.default(pickleStep.argument.dataTable) : ((_e = (_d = pickleStep.argument) === null || _d === void 0 ? void 0 : _d.docString) === null || _e === void 0 ? void 0 : _e.content) ? pickleStep.argument.docString.content : void 0;\n    cy.then(() => {\n      internalProperties.currentStep = { pickleStep };\n      const start = (0, messages_helpers_1.createTimestamp)();\n      messages.stack.push({\n        testStepStarted: {\n          testStepId: pickleStep.id,\n          testCaseStartedId,\n          timestamp: start\n        }\n      });\n      if (messages.enabled) {\n        cy.task(constants_1.TASK_TEST_STEP_STARTED, pickleStep.id, { log: false });\n      }\n      return cy.wrap(start, { log: false });\n    }).then((start) => {\n      const ensureChain = (value) => Cypress.isCy(value) ? value : cy.wrap(value, { log: false });\n      try {\n        return ensureChain(registry2.runStepDefininition(this, text, argument)).then((result) => {\n          return {\n            start,\n            result\n          };\n        });\n      } catch (e) {\n        if (e instanceof registry_1.MissingDefinitionError) {\n          throw new Error(createMissingStepDefinitionMessage(context, text));\n        } else {\n          throw e;\n        }\n      }\n    }).then(({ start, result }) => {\n      var _a3, _b2, _c2;\n      const end = (0, messages_helpers_1.createTimestamp)();\n      if (result === \"pending\") {\n        messages.stack.push({\n          testStepFinished: {\n            testStepId: pickleStep.id,\n            testCaseStartedId,\n            testStepResult: {\n              status: Status.Pending,\n              duration: (0, messages_helpers_1.duration)(start, end)\n            },\n            timestamp: end\n          }\n        });\n        remainingSteps.shift();\n        for (const skippedStep of remainingSteps) {\n          const testStepId = (0, assertions_1.assertAndReturn)((_b2 = (_a3 = skippedStep.hook) === null || _a3 === void 0 ? void 0 : _a3.id) !== null && _b2 !== void 0 ? _b2 : (_c2 = skippedStep.pickleStep) === null || _c2 === void 0 ? void 0 : _c2.id, \"Expected a step to either be a hook or a pickleStep\");\n          messages.stack.push({\n            testStepStarted: {\n              testStepId,\n              testCaseStartedId,\n              timestamp: (0, messages_helpers_1.createTimestamp)()\n            }\n          });\n          messages.stack.push({\n            testStepFinished: {\n              testStepId,\n              testCaseStartedId,\n              testStepResult: {\n                status: Status.Skipped,\n                duration: {\n                  seconds: 0,\n                  nanos: 0\n                }\n              },\n              timestamp: (0, messages_helpers_1.createTimestamp)()\n            }\n          });\n        }\n        for (let i = 0, count = remainingSteps.length; i < count; i++) {\n          remainingSteps.pop();\n        }\n        this.skip();\n      } else {\n        messages.stack.push({\n          testStepFinished: {\n            testStepId: pickleStep.id,\n            testCaseStartedId,\n            testStepResult: {\n              status: Status.Passed,\n              duration: (0, messages_helpers_1.duration)(start, end)\n            },\n            timestamp: end\n          }\n        });\n        remainingSteps.shift();\n      }\n    });\n  }\n}",
              "err": {},
              "uuid": "49eaeb8f-1476-4b9d-b550-1807bbaaa959",
              "parentUUID": "381f5a43-37c7-4fa2-9ba1-606ea2366a32",
              "isHook": false,
              "skipped": false
            },
            {
              "title": "Login to Orange HRM Website with invalid name and valid password (example #1)",
              "fullTitle": "TC_001_Login Login to Orange HRM Website with invalid name and valid password (example #1)",
              "timedOut": null,
              "duration": 9695,
              "state": "failed",
              "speed": null,
              "pass": false,
              "fail": true,
              "pending": false,
              "context": null,
              "code": "var _a2, _b, _c, _d, _e;\nconst { remainingSteps, testCaseStartedId } = retrieveInternalSpecProperties();\n(0, registry_1.assignRegistry)(registry2);\nmessages.stack.push({\n  testCaseStarted: {\n    id: testCaseStartedId,\n    testCaseId,\n    attempt: attempt++,\n    timestamp: (0, messages_helpers_1.createTimestamp)()\n  }\n});\nwindow.testState = {\n  gherkinDocument,\n  pickles,\n  pickle\n};\nfor (const step of steps) {\n  if (step.hook) {\n    delete window.testState.pickleStep;\n    const hook = step.hook;\n    cy.then(() => {\n      Cypress.log({\n        name: \"step\",\n        displayName: hook.keyword,\n        message: \"\"\n      });\n      const start = (0, messages_helpers_1.createTimestamp)();\n      messages.stack.push({\n        testStepStarted: {\n          testStepId: hook.id,\n          testCaseStartedId,\n          timestamp: start\n        }\n      });\n      if (messages.enabled) {\n        cy.task(constants_1.TASK_TEST_STEP_STARTED, hook.id, { log: false });\n      }\n      return cy.wrap(start, { log: false });\n    }).then((start) => {\n      registry2.runHook(this, hook);\n      return cy.wrap(start, { log: false });\n    }).then((start) => {\n      const end = (0, messages_helpers_1.createTimestamp)();\n      messages.stack.push({\n        testStepFinished: {\n          testStepId: hook.id,\n          testCaseStartedId,\n          testStepResult: {\n            status: Status.Passed,\n            duration: (0, messages_helpers_1.duration)(start, end)\n          },\n          timestamp: end\n        }\n      });\n      remainingSteps.shift();\n    });\n  } else if (step.pickleStep) {\n    window.testState.pickleStep = step.pickleStep;\n    const pickleStep = step.pickleStep;\n    const text = (0, assertions_1.assertAndReturn)(pickleStep.text, \"Expected pickle step to have a text\");\n    const scenarioStep = (0, assertions_1.assertAndReturn)(astIdMap.get((0, assertions_1.assertAndReturn)((_a2 = pickleStep.astNodeIds) === null || _a2 === void 0 ? void 0 : _a2[0], \"Expected to find at least one astNodeId\")), `Expected to find scenario step associated with id = ${(_b = pickleStep.astNodeIds) === null || _b === void 0 ? void 0 : _b[0]}`);\n    cy.then(() => {\n      Cypress.log({\n        name: \"step\",\n        displayName: (0, assertions_1.assertAndReturn)(\"keyword\" in scenarioStep && scenarioStep.keyword, \"Expected to find a keyword in the scenario step\"),\n        message: text\n      });\n    });\n    const argument = ((_c = pickleStep.argument) === null || _c === void 0 ? void 0 : _c.dataTable) ? new data_table_1.default(pickleStep.argument.dataTable) : ((_e = (_d = pickleStep.argument) === null || _d === void 0 ? void 0 : _d.docString) === null || _e === void 0 ? void 0 : _e.content) ? pickleStep.argument.docString.content : void 0;\n    cy.then(() => {\n      internalProperties.currentStep = { pickleStep };\n      const start = (0, messages_helpers_1.createTimestamp)();\n      messages.stack.push({\n        testStepStarted: {\n          testStepId: pickleStep.id,\n          testCaseStartedId,\n          timestamp: start\n        }\n      });\n      if (messages.enabled) {\n        cy.task(constants_1.TASK_TEST_STEP_STARTED, pickleStep.id, { log: false });\n      }\n      return cy.wrap(start, { log: false });\n    }).then((start) => {\n      const ensureChain = (value) => Cypress.isCy(value) ? value : cy.wrap(value, { log: false });\n      try {\n        return ensureChain(registry2.runStepDefininition(this, text, argument)).then((result) => {\n          return {\n            start,\n            result\n          };\n        });\n      } catch (e) {\n        if (e instanceof registry_1.MissingDefinitionError) {\n          throw new Error(createMissingStepDefinitionMessage(context, text));\n        } else {\n          throw e;\n        }\n      }\n    }).then(({ start, result }) => {\n      var _a3, _b2, _c2;\n      const end = (0, messages_helpers_1.createTimestamp)();\n      if (result === \"pending\") {\n        messages.stack.push({\n          testStepFinished: {\n            testStepId: pickleStep.id,\n            testCaseStartedId,\n            testStepResult: {\n              status: Status.Pending,\n              duration: (0, messages_helpers_1.duration)(start, end)\n            },\n            timestamp: end\n          }\n        });\n        remainingSteps.shift();\n        for (const skippedStep of remainingSteps) {\n          const testStepId = (0, assertions_1.assertAndReturn)((_b2 = (_a3 = skippedStep.hook) === null || _a3 === void 0 ? void 0 : _a3.id) !== null && _b2 !== void 0 ? _b2 : (_c2 = skippedStep.pickleStep) === null || _c2 === void 0 ? void 0 : _c2.id, \"Expected a step to either be a hook or a pickleStep\");\n          messages.stack.push({\n            testStepStarted: {\n              testStepId,\n              testCaseStartedId,\n              timestamp: (0, messages_helpers_1.createTimestamp)()\n            }\n          });\n          messages.stack.push({\n            testStepFinished: {\n              testStepId,\n              testCaseStartedId,\n              testStepResult: {\n                status: Status.Skipped,\n                duration: {\n                  seconds: 0,\n                  nanos: 0\n                }\n              },\n              timestamp: (0, messages_helpers_1.createTimestamp)()\n            }\n          });\n        }\n        for (let i = 0, count = remainingSteps.length; i < count; i++) {\n          remainingSteps.pop();\n        }\n        this.skip();\n      } else {\n        messages.stack.push({\n          testStepFinished: {\n            testStepId: pickleStep.id,\n            testCaseStartedId,\n            testStepResult: {\n              status: Status.Passed,\n              duration: (0, messages_helpers_1.duration)(start, end)\n            },\n            timestamp: end\n          }\n        });\n        remainingSteps.shift();\n      }\n    });\n  }\n}",
              "err": {
                "message": "Error: \nStep implementation missing for \"User unable to login to the Website\".\n\nWe tried searching for files containing step definitions using the following search pattern templates:\n\n  - cypress/e2e/**/*.{js,ts}\n\nThese templates resolved to the following search patterns:\n\n  - cypress\\e2e\\**\\*.{js,ts}\n\nThese patterns matched the following files:\n\n  - cypress\\e2e\\PageObjects\\AddEmployee.spec.js\n  - cypress\\e2e\\PageObjects\\AddJobTitles.spec.js\n  - cypress\\e2e\\PageObjects\\Emp_Search.spec.js\n  - cypress\\e2e\\PageObjects\\Locations.spec.js\n  - cypress\\e2e\\PageObjects\\Login.spec.js\n  - cypress\\e2e\\PageObjects\\TC_006_PayGrades.spec.js\n  - cypress\\e2e\\PageObjects\\TC_009_Structure.spec.js\n  - cypress\\e2e\\PageObjects\\UserManagement.spec.js\n  - cypress\\e2e\\PageObjects\\WorkingShift.spec.js\n  - cypress\\e2e\\TC_001_Login.cy.js\n  - cypress\\e2e\\TC_002_AddEmployee.cy.js\n  - cypress\\e2e\\TC_003_Emp_Search.cy.js\n  - cypress\\e2e\\TC_004_UserManagement.cy.js\n  - cypress\\e2e\\TC_005_AddJobTitles.js\n  - cypress\\e2e\\TC_006_PayGrades.cy.js\n  - cypress\\e2e\\TC_007_WorkingShift.cy.js\n  - cypress\\e2e\\TC_008_Locations.cy.js\n  - cypress\\e2e\\TC_009_Structure.cy.js\n\nHowever, none of these files contained a step definition matching \"User unable to login to the Website\".\n  ",
                "estack": "Error: \nStep implementation missing for \"User unable to login to the Website\".\n\nWe tried searching for files containing step definitions using the following search pattern templates:\n\n  - cypress/e2e/**/*.{js,ts}\n\nThese templates resolved to the following search patterns:\n\n  - cypress\\e2e\\**\\*.{js,ts}\n\nThese patterns matched the following files:\n\n  - cypress\\e2e\\PageObjects\\AddEmployee.spec.js\n  - cypress\\e2e\\PageObjects\\AddJobTitles.spec.js\n  - cypress\\e2e\\PageObjects\\Emp_Search.spec.js\n  - cypress\\e2e\\PageObjects\\Locations.spec.js\n  - cypress\\e2e\\PageObjects\\Login.spec.js\n  - cypress\\e2e\\PageObjects\\TC_006_PayGrades.spec.js\n  - cypress\\e2e\\PageObjects\\TC_009_Structure.spec.js\n  - cypress\\e2e\\PageObjects\\UserManagement.spec.js\n  - cypress\\e2e\\PageObjects\\WorkingShift.spec.js\n  - cypress\\e2e\\TC_001_Login.cy.js\n  - cypress\\e2e\\TC_002_AddEmployee.cy.js\n  - cypress\\e2e\\TC_003_Emp_Search.cy.js\n  - cypress\\e2e\\TC_004_UserManagement.cy.js\n  - cypress\\e2e\\TC_005_AddJobTitles.js\n  - cypress\\e2e\\TC_006_PayGrades.cy.js\n  - cypress\\e2e\\TC_007_WorkingShift.cy.js\n  - cypress\\e2e\\TC_008_Locations.cy.js\n  - cypress\\e2e\\TC_009_Structure.cy.js\n\nHowever, none of these files contained a step definition matching \"User unable to login to the Website\".\n  \n    at Context.eval (https://opensource-demo.orangehrmlive.com/__cypress/tests?p=cypress\\e2e\\Features\\TC_001_Login.feature:9139:27)",
                "diff": null
              },
              "uuid": "54374932-429f-481e-99c5-6435f1c2e5fc",
              "parentUUID": "381f5a43-37c7-4fa2-9ba1-606ea2366a32",
              "isHook": false,
              "skipped": false
            },
            {
              "title": "Login to Orange HRM Website with valid name and invalid password (example #1)",
              "fullTitle": "TC_001_Login Login to Orange HRM Website with valid name and invalid password (example #1)",
              "timedOut": null,
              "duration": 4542,
              "state": "failed",
              "speed": null,
              "pass": false,
              "fail": true,
              "pending": false,
              "context": null,
              "code": "var _a2, _b, _c, _d, _e;\nconst { remainingSteps, testCaseStartedId } = retrieveInternalSpecProperties();\n(0, registry_1.assignRegistry)(registry2);\nmessages.stack.push({\n  testCaseStarted: {\n    id: testCaseStartedId,\n    testCaseId,\n    attempt: attempt++,\n    timestamp: (0, messages_helpers_1.createTimestamp)()\n  }\n});\nwindow.testState = {\n  gherkinDocument,\n  pickles,\n  pickle\n};\nfor (const step of steps) {\n  if (step.hook) {\n    delete window.testState.pickleStep;\n    const hook = step.hook;\n    cy.then(() => {\n      Cypress.log({\n        name: \"step\",\n        displayName: hook.keyword,\n        message: \"\"\n      });\n      const start = (0, messages_helpers_1.createTimestamp)();\n      messages.stack.push({\n        testStepStarted: {\n          testStepId: hook.id,\n          testCaseStartedId,\n          timestamp: start\n        }\n      });\n      if (messages.enabled) {\n        cy.task(constants_1.TASK_TEST_STEP_STARTED, hook.id, { log: false });\n      }\n      return cy.wrap(start, { log: false });\n    }).then((start) => {\n      registry2.runHook(this, hook);\n      return cy.wrap(start, { log: false });\n    }).then((start) => {\n      const end = (0, messages_helpers_1.createTimestamp)();\n      messages.stack.push({\n        testStepFinished: {\n          testStepId: hook.id,\n          testCaseStartedId,\n          testStepResult: {\n            status: Status.Passed,\n            duration: (0, messages_helpers_1.duration)(start, end)\n          },\n          timestamp: end\n        }\n      });\n      remainingSteps.shift();\n    });\n  } else if (step.pickleStep) {\n    window.testState.pickleStep = step.pickleStep;\n    const pickleStep = step.pickleStep;\n    const text = (0, assertions_1.assertAndReturn)(pickleStep.text, \"Expected pickle step to have a text\");\n    const scenarioStep = (0, assertions_1.assertAndReturn)(astIdMap.get((0, assertions_1.assertAndReturn)((_a2 = pickleStep.astNodeIds) === null || _a2 === void 0 ? void 0 : _a2[0], \"Expected to find at least one astNodeId\")), `Expected to find scenario step associated with id = ${(_b = pickleStep.astNodeIds) === null || _b === void 0 ? void 0 : _b[0]}`);\n    cy.then(() => {\n      Cypress.log({\n        name: \"step\",\n        displayName: (0, assertions_1.assertAndReturn)(\"keyword\" in scenarioStep && scenarioStep.keyword, \"Expected to find a keyword in the scenario step\"),\n        message: text\n      });\n    });\n    const argument = ((_c = pickleStep.argument) === null || _c === void 0 ? void 0 : _c.dataTable) ? new data_table_1.default(pickleStep.argument.dataTable) : ((_e = (_d = pickleStep.argument) === null || _d === void 0 ? void 0 : _d.docString) === null || _e === void 0 ? void 0 : _e.content) ? pickleStep.argument.docString.content : void 0;\n    cy.then(() => {\n      internalProperties.currentStep = { pickleStep };\n      const start = (0, messages_helpers_1.createTimestamp)();\n      messages.stack.push({\n        testStepStarted: {\n          testStepId: pickleStep.id,\n          testCaseStartedId,\n          timestamp: start\n        }\n      });\n      if (messages.enabled) {\n        cy.task(constants_1.TASK_TEST_STEP_STARTED, pickleStep.id, { log: false });\n      }\n      return cy.wrap(start, { log: false });\n    }).then((start) => {\n      const ensureChain = (value) => Cypress.isCy(value) ? value : cy.wrap(value, { log: false });\n      try {\n        return ensureChain(registry2.runStepDefininition(this, text, argument)).then((result) => {\n          return {\n            start,\n            result\n          };\n        });\n      } catch (e) {\n        if (e instanceof registry_1.MissingDefinitionError) {\n          throw new Error(createMissingStepDefinitionMessage(context, text));\n        } else {\n          throw e;\n        }\n      }\n    }).then(({ start, result }) => {\n      var _a3, _b2, _c2;\n      const end = (0, messages_helpers_1.createTimestamp)();\n      if (result === \"pending\") {\n        messages.stack.push({\n          testStepFinished: {\n            testStepId: pickleStep.id,\n            testCaseStartedId,\n            testStepResult: {\n              status: Status.Pending,\n              duration: (0, messages_helpers_1.duration)(start, end)\n            },\n            timestamp: end\n          }\n        });\n        remainingSteps.shift();\n        for (const skippedStep of remainingSteps) {\n          const testStepId = (0, assertions_1.assertAndReturn)((_b2 = (_a3 = skippedStep.hook) === null || _a3 === void 0 ? void 0 : _a3.id) !== null && _b2 !== void 0 ? _b2 : (_c2 = skippedStep.pickleStep) === null || _c2 === void 0 ? void 0 : _c2.id, \"Expected a step to either be a hook or a pickleStep\");\n          messages.stack.push({\n            testStepStarted: {\n              testStepId,\n              testCaseStartedId,\n              timestamp: (0, messages_helpers_1.createTimestamp)()\n            }\n          });\n          messages.stack.push({\n            testStepFinished: {\n              testStepId,\n              testCaseStartedId,\n              testStepResult: {\n                status: Status.Skipped,\n                duration: {\n                  seconds: 0,\n                  nanos: 0\n                }\n              },\n              timestamp: (0, messages_helpers_1.createTimestamp)()\n            }\n          });\n        }\n        for (let i = 0, count = remainingSteps.length; i < count; i++) {\n          remainingSteps.pop();\n        }\n        this.skip();\n      } else {\n        messages.stack.push({\n          testStepFinished: {\n            testStepId: pickleStep.id,\n            testCaseStartedId,\n            testStepResult: {\n              status: Status.Passed,\n              duration: (0, messages_helpers_1.duration)(start, end)\n            },\n            timestamp: end\n          }\n        });\n        remainingSteps.shift();\n      }\n    });\n  }\n}",
              "err": {
                "message": "Error: \nStep implementation missing for \"User unable to login to the Website\".\n\nWe tried searching for files containing step definitions using the following search pattern templates:\n\n  - cypress/e2e/**/*.{js,ts}\n\nThese templates resolved to the following search patterns:\n\n  - cypress\\e2e\\**\\*.{js,ts}\n\nThese patterns matched the following files:\n\n  - cypress\\e2e\\PageObjects\\AddEmployee.spec.js\n  - cypress\\e2e\\PageObjects\\AddJobTitles.spec.js\n  - cypress\\e2e\\PageObjects\\Emp_Search.spec.js\n  - cypress\\e2e\\PageObjects\\Locations.spec.js\n  - cypress\\e2e\\PageObjects\\Login.spec.js\n  - cypress\\e2e\\PageObjects\\TC_006_PayGrades.spec.js\n  - cypress\\e2e\\PageObjects\\TC_009_Structure.spec.js\n  - cypress\\e2e\\PageObjects\\UserManagement.spec.js\n  - cypress\\e2e\\PageObjects\\WorkingShift.spec.js\n  - cypress\\e2e\\TC_001_Login.cy.js\n  - cypress\\e2e\\TC_002_AddEmployee.cy.js\n  - cypress\\e2e\\TC_003_Emp_Search.cy.js\n  - cypress\\e2e\\TC_004_UserManagement.cy.js\n  - cypress\\e2e\\TC_005_AddJobTitles.js\n  - cypress\\e2e\\TC_006_PayGrades.cy.js\n  - cypress\\e2e\\TC_007_WorkingShift.cy.js\n  - cypress\\e2e\\TC_008_Locations.cy.js\n  - cypress\\e2e\\TC_009_Structure.cy.js\n\nHowever, none of these files contained a step definition matching \"User unable to login to the Website\".\n  ",
                "estack": "Error: \nStep implementation missing for \"User unable to login to the Website\".\n\nWe tried searching for files containing step definitions using the following search pattern templates:\n\n  - cypress/e2e/**/*.{js,ts}\n\nThese templates resolved to the following search patterns:\n\n  - cypress\\e2e\\**\\*.{js,ts}\n\nThese patterns matched the following files:\n\n  - cypress\\e2e\\PageObjects\\AddEmployee.spec.js\n  - cypress\\e2e\\PageObjects\\AddJobTitles.spec.js\n  - cypress\\e2e\\PageObjects\\Emp_Search.spec.js\n  - cypress\\e2e\\PageObjects\\Locations.spec.js\n  - cypress\\e2e\\PageObjects\\Login.spec.js\n  - cypress\\e2e\\PageObjects\\TC_006_PayGrades.spec.js\n  - cypress\\e2e\\PageObjects\\TC_009_Structure.spec.js\n  - cypress\\e2e\\PageObjects\\UserManagement.spec.js\n  - cypress\\e2e\\PageObjects\\WorkingShift.spec.js\n  - cypress\\e2e\\TC_001_Login.cy.js\n  - cypress\\e2e\\TC_002_AddEmployee.cy.js\n  - cypress\\e2e\\TC_003_Emp_Search.cy.js\n  - cypress\\e2e\\TC_004_UserManagement.cy.js\n  - cypress\\e2e\\TC_005_AddJobTitles.js\n  - cypress\\e2e\\TC_006_PayGrades.cy.js\n  - cypress\\e2e\\TC_007_WorkingShift.cy.js\n  - cypress\\e2e\\TC_008_Locations.cy.js\n  - cypress\\e2e\\TC_009_Structure.cy.js\n\nHowever, none of these files contained a step definition matching \"User unable to login to the Website\".\n  \n    at Context.eval (https://opensource-demo.orangehrmlive.com/__cypress/tests?p=cypress\\e2e\\Features\\TC_001_Login.feature:9139:27)",
                "diff": null
              },
              "uuid": "337db3f8-9e04-47d4-81ee-1f7717755970",
              "parentUUID": "381f5a43-37c7-4fa2-9ba1-606ea2366a32",
              "isHook": false,
              "skipped": false
            },
            {
              "title": "Login to Orange HRM Website with invalid name and invalid password (example #1)",
              "fullTitle": "TC_001_Login Login to Orange HRM Website with invalid name and invalid password (example #1)",
              "timedOut": null,
              "duration": 3787,
              "state": "failed",
              "speed": null,
              "pass": false,
              "fail": true,
              "pending": false,
              "context": null,
              "code": "var _a2, _b, _c, _d, _e;\nconst { remainingSteps, testCaseStartedId } = retrieveInternalSpecProperties();\n(0, registry_1.assignRegistry)(registry2);\nmessages.stack.push({\n  testCaseStarted: {\n    id: testCaseStartedId,\n    testCaseId,\n    attempt: attempt++,\n    timestamp: (0, messages_helpers_1.createTimestamp)()\n  }\n});\nwindow.testState = {\n  gherkinDocument,\n  pickles,\n  pickle\n};\nfor (const step of steps) {\n  if (step.hook) {\n    delete window.testState.pickleStep;\n    const hook = step.hook;\n    cy.then(() => {\n      Cypress.log({\n        name: \"step\",\n        displayName: hook.keyword,\n        message: \"\"\n      });\n      const start = (0, messages_helpers_1.createTimestamp)();\n      messages.stack.push({\n        testStepStarted: {\n          testStepId: hook.id,\n          testCaseStartedId,\n          timestamp: start\n        }\n      });\n      if (messages.enabled) {\n        cy.task(constants_1.TASK_TEST_STEP_STARTED, hook.id, { log: false });\n      }\n      return cy.wrap(start, { log: false });\n    }).then((start) => {\n      registry2.runHook(this, hook);\n      return cy.wrap(start, { log: false });\n    }).then((start) => {\n      const end = (0, messages_helpers_1.createTimestamp)();\n      messages.stack.push({\n        testStepFinished: {\n          testStepId: hook.id,\n          testCaseStartedId,\n          testStepResult: {\n            status: Status.Passed,\n            duration: (0, messages_helpers_1.duration)(start, end)\n          },\n          timestamp: end\n        }\n      });\n      remainingSteps.shift();\n    });\n  } else if (step.pickleStep) {\n    window.testState.pickleStep = step.pickleStep;\n    const pickleStep = step.pickleStep;\n    const text = (0, assertions_1.assertAndReturn)(pickleStep.text, \"Expected pickle step to have a text\");\n    const scenarioStep = (0, assertions_1.assertAndReturn)(astIdMap.get((0, assertions_1.assertAndReturn)((_a2 = pickleStep.astNodeIds) === null || _a2 === void 0 ? void 0 : _a2[0], \"Expected to find at least one astNodeId\")), `Expected to find scenario step associated with id = ${(_b = pickleStep.astNodeIds) === null || _b === void 0 ? void 0 : _b[0]}`);\n    cy.then(() => {\n      Cypress.log({\n        name: \"step\",\n        displayName: (0, assertions_1.assertAndReturn)(\"keyword\" in scenarioStep && scenarioStep.keyword, \"Expected to find a keyword in the scenario step\"),\n        message: text\n      });\n    });\n    const argument = ((_c = pickleStep.argument) === null || _c === void 0 ? void 0 : _c.dataTable) ? new data_table_1.default(pickleStep.argument.dataTable) : ((_e = (_d = pickleStep.argument) === null || _d === void 0 ? void 0 : _d.docString) === null || _e === void 0 ? void 0 : _e.content) ? pickleStep.argument.docString.content : void 0;\n    cy.then(() => {\n      internalProperties.currentStep = { pickleStep };\n      const start = (0, messages_helpers_1.createTimestamp)();\n      messages.stack.push({\n        testStepStarted: {\n          testStepId: pickleStep.id,\n          testCaseStartedId,\n          timestamp: start\n        }\n      });\n      if (messages.enabled) {\n        cy.task(constants_1.TASK_TEST_STEP_STARTED, pickleStep.id, { log: false });\n      }\n      return cy.wrap(start, { log: false });\n    }).then((start) => {\n      const ensureChain = (value) => Cypress.isCy(value) ? value : cy.wrap(value, { log: false });\n      try {\n        return ensureChain(registry2.runStepDefininition(this, text, argument)).then((result) => {\n          return {\n            start,\n            result\n          };\n        });\n      } catch (e) {\n        if (e instanceof registry_1.MissingDefinitionError) {\n          throw new Error(createMissingStepDefinitionMessage(context, text));\n        } else {\n          throw e;\n        }\n      }\n    }).then(({ start, result }) => {\n      var _a3, _b2, _c2;\n      const end = (0, messages_helpers_1.createTimestamp)();\n      if (result === \"pending\") {\n        messages.stack.push({\n          testStepFinished: {\n            testStepId: pickleStep.id,\n            testCaseStartedId,\n            testStepResult: {\n              status: Status.Pending,\n              duration: (0, messages_helpers_1.duration)(start, end)\n            },\n            timestamp: end\n          }\n        });\n        remainingSteps.shift();\n        for (const skippedStep of remainingSteps) {\n          const testStepId = (0, assertions_1.assertAndReturn)((_b2 = (_a3 = skippedStep.hook) === null || _a3 === void 0 ? void 0 : _a3.id) !== null && _b2 !== void 0 ? _b2 : (_c2 = skippedStep.pickleStep) === null || _c2 === void 0 ? void 0 : _c2.id, \"Expected a step to either be a hook or a pickleStep\");\n          messages.stack.push({\n            testStepStarted: {\n              testStepId,\n              testCaseStartedId,\n              timestamp: (0, messages_helpers_1.createTimestamp)()\n            }\n          });\n          messages.stack.push({\n            testStepFinished: {\n              testStepId,\n              testCaseStartedId,\n              testStepResult: {\n                status: Status.Skipped,\n                duration: {\n                  seconds: 0,\n                  nanos: 0\n                }\n              },\n              timestamp: (0, messages_helpers_1.createTimestamp)()\n            }\n          });\n        }\n        for (let i = 0, count = remainingSteps.length; i < count; i++) {\n          remainingSteps.pop();\n        }\n        this.skip();\n      } else {\n        messages.stack.push({\n          testStepFinished: {\n            testStepId: pickleStep.id,\n            testCaseStartedId,\n            testStepResult: {\n              status: Status.Passed,\n              duration: (0, messages_helpers_1.duration)(start, end)\n            },\n            timestamp: end\n          }\n        });\n        remainingSteps.shift();\n      }\n    });\n  }\n}",
              "err": {
                "message": "Error: \nStep implementation missing for \"User unable to login to the Website\".\n\nWe tried searching for files containing step definitions using the following search pattern templates:\n\n  - cypress/e2e/**/*.{js,ts}\n\nThese templates resolved to the following search patterns:\n\n  - cypress\\e2e\\**\\*.{js,ts}\n\nThese patterns matched the following files:\n\n  - cypress\\e2e\\PageObjects\\AddEmployee.spec.js\n  - cypress\\e2e\\PageObjects\\AddJobTitles.spec.js\n  - cypress\\e2e\\PageObjects\\Emp_Search.spec.js\n  - cypress\\e2e\\PageObjects\\Locations.spec.js\n  - cypress\\e2e\\PageObjects\\Login.spec.js\n  - cypress\\e2e\\PageObjects\\TC_006_PayGrades.spec.js\n  - cypress\\e2e\\PageObjects\\TC_009_Structure.spec.js\n  - cypress\\e2e\\PageObjects\\UserManagement.spec.js\n  - cypress\\e2e\\PageObjects\\WorkingShift.spec.js\n  - cypress\\e2e\\TC_001_Login.cy.js\n  - cypress\\e2e\\TC_002_AddEmployee.cy.js\n  - cypress\\e2e\\TC_003_Emp_Search.cy.js\n  - cypress\\e2e\\TC_004_UserManagement.cy.js\n  - cypress\\e2e\\TC_005_AddJobTitles.js\n  - cypress\\e2e\\TC_006_PayGrades.cy.js\n  - cypress\\e2e\\TC_007_WorkingShift.cy.js\n  - cypress\\e2e\\TC_008_Locations.cy.js\n  - cypress\\e2e\\TC_009_Structure.cy.js\n\nHowever, none of these files contained a step definition matching \"User unable to login to the Website\".\n  ",
                "estack": "Error: \nStep implementation missing for \"User unable to login to the Website\".\n\nWe tried searching for files containing step definitions using the following search pattern templates:\n\n  - cypress/e2e/**/*.{js,ts}\n\nThese templates resolved to the following search patterns:\n\n  - cypress\\e2e\\**\\*.{js,ts}\n\nThese patterns matched the following files:\n\n  - cypress\\e2e\\PageObjects\\AddEmployee.spec.js\n  - cypress\\e2e\\PageObjects\\AddJobTitles.spec.js\n  - cypress\\e2e\\PageObjects\\Emp_Search.spec.js\n  - cypress\\e2e\\PageObjects\\Locations.spec.js\n  - cypress\\e2e\\PageObjects\\Login.spec.js\n  - cypress\\e2e\\PageObjects\\TC_006_PayGrades.spec.js\n  - cypress\\e2e\\PageObjects\\TC_009_Structure.spec.js\n  - cypress\\e2e\\PageObjects\\UserManagement.spec.js\n  - cypress\\e2e\\PageObjects\\WorkingShift.spec.js\n  - cypress\\e2e\\TC_001_Login.cy.js\n  - cypress\\e2e\\TC_002_AddEmployee.cy.js\n  - cypress\\e2e\\TC_003_Emp_Search.cy.js\n  - cypress\\e2e\\TC_004_UserManagement.cy.js\n  - cypress\\e2e\\TC_005_AddJobTitles.js\n  - cypress\\e2e\\TC_006_PayGrades.cy.js\n  - cypress\\e2e\\TC_007_WorkingShift.cy.js\n  - cypress\\e2e\\TC_008_Locations.cy.js\n  - cypress\\e2e\\TC_009_Structure.cy.js\n\nHowever, none of these files contained a step definition matching \"User unable to login to the Website\".\n  \n    at Context.eval (https://opensource-demo.orangehrmlive.com/__cypress/tests?p=cypress\\e2e\\Features\\TC_001_Login.feature:9139:27)",
                "diff": null
              },
              "uuid": "70fda2ee-980a-4116-8331-b26eb036cf5a",
              "parentUUID": "381f5a43-37c7-4fa2-9ba1-606ea2366a32",
              "isHook": false,
              "skipped": false
            }
          ],
          "suites": [],
          "passes": [
            "49eaeb8f-1476-4b9d-b550-1807bbaaa959"
          ],
          "failures": [
            "54374932-429f-481e-99c5-6435f1c2e5fc",
            "337db3f8-9e04-47d4-81ee-1f7717755970",
            "70fda2ee-980a-4116-8331-b26eb036cf5a"
          ],
          "pending": [],
          "skipped": [],
          "duration": 33475,
          "root": false,
          "rootEmpty": false,
          "_timeout": 2000
        }
      ],
      "passes": [],
      "failures": [],
      "pending": [],
      "skipped": [],
      "duration": 0,
      "root": true,
      "rootEmpty": true,
      "_timeout": 2000
    }
  ],
  "meta": {
    "mocha": {
      "version": "7.0.1"
    },
    "mochawesome": {
      "options": {
        "quiet": false,
        "reportFilename": "mochawesome",
        "saveHtml": false,
        "saveJson": true,
        "consoleReporter": "spec",
        "useInlineDiffs": false,
        "code": true
      },
      "version": "7.1.3"
    },
    "marge": {
      "options": {
        "reportDir": "mochawesome-report",
        "overwrite": false,
        "html": false,
        "json": true
      },
      "version": "6.2.0"
    }
  }
}